21-Feb-2020 13:59:16.629 信息 [main] org.apache.catalina.core.ApplicationContext.log ContextListener: contextInitialized()
21-Feb-2020 13:59:16.629 信息 [main] org.apache.catalina.core.ApplicationContext.log SessionListener: contextInitialized()
21-Feb-2020 13:59:16.633 信息 [main] org.apache.catalina.core.ApplicationContext.log ContextListener: attributeAdded('StockTicker', 'async.Stockticker@1a38ba58')
21-Feb-2020 14:01:50.309 信息 [main] org.apache.catalina.core.ApplicationContext.log ContextListener: contextInitialized()
21-Feb-2020 14:01:50.310 信息 [main] org.apache.catalina.core.ApplicationContext.log SessionListener: contextInitialized()
21-Feb-2020 14:01:50.313 信息 [main] org.apache.catalina.core.ApplicationContext.log ContextListener: attributeAdded('StockTicker', 'async.Stockticker@388ba540')
21-Feb-2020 14:01:50.447 信息 [main] org.apache.catalina.core.ApplicationContext.log SessionListener: contextDestroyed()
21-Feb-2020 14:01:50.447 信息 [main] org.apache.catalina.core.ApplicationContext.log ContextListener: contextDestroyed()
21-Feb-2020 14:03:42.757 信息 [main] org.apache.catalina.core.ApplicationContext.log ContextListener: contextInitialized()
21-Feb-2020 14:03:42.757 信息 [main] org.apache.catalina.core.ApplicationContext.log SessionListener: contextInitialized()
21-Feb-2020 14:03:42.761 信息 [main] org.apache.catalina.core.ApplicationContext.log ContextListener: attributeAdded('StockTicker', 'async.Stockticker@2783717b')
21-Feb-2020 14:03:42.933 信息 [main] org.apache.catalina.core.ApplicationContext.log SessionListener: contextDestroyed()
21-Feb-2020 14:03:42.933 信息 [main] org.apache.catalina.core.ApplicationContext.log ContextListener: contextDestroyed()
21-Feb-2020 14:16:35.238 信息 [main] org.apache.catalina.core.ApplicationContext.log ContextListener: contextInitialized()
21-Feb-2020 14:16:35.238 信息 [main] org.apache.catalina.core.ApplicationContext.log SessionListener: contextInitialized()
21-Feb-2020 14:16:35.241 信息 [main] org.apache.catalina.core.ApplicationContext.log ContextListener: attributeAdded('StockTicker', 'async.Stockticker@47605f2f')
21-Feb-2020 14:16:35.346 信息 [main] org.apache.catalina.core.ApplicationContext.log SessionListener: contextDestroyed()
21-Feb-2020 14:16:35.346 信息 [main] org.apache.catalina.core.ApplicationContext.log ContextListener: contextDestroyed()
21-Feb-2020 14:27:14.995 信息 [main] org.apache.catalina.core.ApplicationContext.log ContextListener: contextInitialized()
21-Feb-2020 14:27:14.995 信息 [main] org.apache.catalina.core.ApplicationContext.log SessionListener: contextInitialized()
21-Feb-2020 14:27:14.998 信息 [main] org.apache.catalina.core.ApplicationContext.log ContextListener: attributeAdded('StockTicker', 'async.Stockticker@2024293c')
21-Feb-2020 14:27:15.118 信息 [main] org.apache.catalina.core.ApplicationContext.log SessionListener: contextDestroyed()
21-Feb-2020 14:27:15.118 信息 [main] org.apache.catalina.core.ApplicationContext.log ContextListener: contextDestroyed()
21-Feb-2020 14:40:25.298 信息 [main] org.apache.catalina.core.ApplicationContext.log ContextListener: contextInitialized()
21-Feb-2020 14:40:25.298 信息 [main] org.apache.catalina.core.ApplicationContext.log SessionListener: contextInitialized()
21-Feb-2020 14:40:25.300 信息 [main] org.apache.catalina.core.ApplicationContext.log ContextListener: attributeAdded('StockTicker', 'async.Stockticker@25748410')
21-Feb-2020 14:40:25.481 信息 [main] org.apache.catalina.core.ApplicationContext.log SessionListener: contextDestroyed()
21-Feb-2020 14:40:25.481 信息 [main] org.apache.catalina.core.ApplicationContext.log ContextListener: contextDestroyed()
21-Feb-2020 14:43:30.793 信息 [main] org.apache.catalina.core.ApplicationContext.log ContextListener: contextInitialized()
21-Feb-2020 14:43:30.793 信息 [main] org.apache.catalina.core.ApplicationContext.log SessionListener: contextInitialized()
21-Feb-2020 14:43:30.796 信息 [main] org.apache.catalina.core.ApplicationContext.log ContextListener: attributeAdded('StockTicker', 'async.Stockticker@7a527389')
21-Feb-2020 14:43:30.907 信息 [main] org.apache.catalina.core.ApplicationContext.log SessionListener: contextDestroyed()
21-Feb-2020 14:43:30.907 信息 [main] org.apache.catalina.core.ApplicationContext.log ContextListener: contextDestroyed()
21-Feb-2020 14:46:10.782 信息 [main] org.apache.catalina.core.ApplicationContext.log SessionListener: contextDestroyed()
21-Feb-2020 14:46:10.782 信息 [main] org.apache.catalina.core.ApplicationContext.log ContextListener: contextDestroyed()
21-Feb-2020 14:46:32.992 信息 [main] org.apache.catalina.core.ApplicationContext.log ContextListener: contextInitialized()
21-Feb-2020 14:46:32.994 信息 [main] org.apache.catalina.core.ApplicationContext.log SessionListener: contextInitialized()
21-Feb-2020 14:46:32.998 信息 [main] org.apache.catalina.core.ApplicationContext.log ContextListener: attributeAdded('StockTicker', 'async.Stockticker@5ad10c1a')
21-Feb-2020 14:56:52.308 信息 [main] org.apache.catalina.core.ApplicationContext.log ContextListener: contextInitialized()
21-Feb-2020 14:56:52.308 信息 [main] org.apache.catalina.core.ApplicationContext.log SessionListener: contextInitialized()
21-Feb-2020 14:56:52.313 信息 [main] org.apache.catalina.core.ApplicationContext.log ContextListener: attributeAdded('StockTicker', 'async.Stockticker@5b04476e')
21-Feb-2020 14:56:52.501 信息 [main] org.apache.catalina.core.ApplicationContext.log SessionListener: contextDestroyed()
21-Feb-2020 14:56:52.502 信息 [main] org.apache.catalina.core.ApplicationContext.log ContextListener: contextDestroyed()
21-Feb-2020 15:10:38.287 信息 [Thread-3] org.apache.catalina.core.ApplicationContext.log SessionListener: contextDestroyed()
21-Feb-2020 15:10:38.288 信息 [Thread-3] org.apache.catalina.core.ApplicationContext.log ContextListener: contextDestroyed()
